C51 COMPILER V9.60.7.0   DHT11                                                             07/10/2025 16:17:48 PAGE 1   


C51 COMPILER V9.60.7.0, COMPILATION OF MODULE DHT11
OBJECT MODULE PLACED IN .\Objects\dht11.obj
COMPILER INVOKED BY: E:\Keil_V5\C51\BIN\C51.EXE test\test\dht11.c OPTIMIZE(8,SPEED) BROWSE DEBUG OBJECTEXTEND PRINT(.\Li
                    -stings\dht11.lst) TABS(2) OBJECT(.\Objects\dht11.obj)

line level    source

   1          #include <reg51.h>
   2          #include "dht11.h"
   3          #include <intrins.h>
   4          
   5          sbit DHT11_IO = P1^0;
   6          char datas[5];
   7          
   8          void Delay40us() {
   9   1          unsigned char i;
  10   1          i = 10;
  11   1          while (--i);
  12   1      }
  13          
  14          void Delay30ms() {
  15   1          unsigned char i, j;
  16   1          i = 54;
  17   1          j = 199;
  18   1          do {
  19   2              while (--j);
  20   2          } while (--i);
  21   1      }
  22          
  23          void Delay1000ms() {
  24   1          unsigned char i, j, k;
  25   1          _nop_();
  26   1          i = 8;
  27   1          j = 1;
  28   1          k = 243;
  29   1          do {
  30   2              do {
  31   3                  while (--k);
  32   3              } while (--j);
  33   2          } while (--i);
  34   1      }
  35          
  36          void DHT11_Start() {
  37   1          DHT11_IO = 1;
  38   1          DHT11_IO = 0;
  39   1          Delay30ms();
  40   1          DHT11_IO = 1;
  41   1          while(DHT11_IO);
  42   1          while(!DHT11_IO);
  43   1          while(DHT11_IO);
  44   1      }
  45          
  46          void Read_Data_From_DHT() {
  47   1          int i, j;
  48   1          char tmp, flag;
  49   1          DHT11_Start();
  50   1          for(i=0;i<5;i++){
  51   2              tmp = 0;
  52   2              for(j=0;j<8;j++){
  53   3                  while(!DHT11_IO);
  54   3                  Delay40us();
C51 COMPILER V9.60.7.0   DHT11                                                             07/10/2025 16:17:48 PAGE 2   

  55   3                  if(DHT11_IO == 1){
  56   4                      flag = 1;
  57   4                      while(DHT11_IO);
  58   4                  }else{
  59   4                      flag = 0;
  60   4                  }
  61   3                  tmp = (tmp << 1) | flag;
  62   3              }
  63   2              datas[i] = tmp;
  64   2          }
  65   1      }
  66          
  67          unsigned char DHT11_Read(unsigned char *temp, unsigned char *humi) {
  68   1          Read_Data_From_DHT();
  69   1          if(datas[4] == (datas[0] + datas[1] + datas[2] + datas[3])) {
  70   2              *humi = datas[0];
  71   2              *temp = datas[2];
  72   2              return 0;
  73   2          } else {
  74   2              *humi = 0xFF;
  75   2              *temp = 0xFF;
  76   2              return 1;
  77   2          }
  78   1      } 


MODULE INFORMATION:   STATIC OVERLAYABLE
   CODE SIZE        =    230    ----
   CONSTANT SIZE    =   ----    ----
   XDATA SIZE       =   ----    ----
   PDATA SIZE       =   ----    ----
   DATA SIZE        =      5       7
   IDATA SIZE       =   ----    ----
   BIT SIZE         =   ----    ----
END OF MODULE INFORMATION.


C51 COMPILATION COMPLETE.  0 WARNING(S),  0 ERROR(S)
