C51 COMPILER V9.60.7.0   LCD1602                                                           07/08/2025 19:45:58 PAGE 1   


C51 COMPILER V9.60.7.0, COMPILATION OF MODULE LCD1602
OBJECT MODULE PLACED IN .\Objects\lcd1602.obj
COMPILER INVOKED BY: E:\Keil_V5\C51\BIN\C51.EXE test\test\lcd1602.c OPTIMIZE(8,SPEED) BROWSE DEBUG OBJECTEXTEND PRINT(.\
                    -Listings\lcd1602.lst) TABS(2) OBJECT(.\Objects\lcd1602.obj)

line level    source

   1          #include <reg51.h>
   2          #include "lcd1602.h"
   3          
   4          sbit RS = P2^0;
   5          sbit RW = P2^1;
   6          sbit E  = P2^2;
   7          #define DataPort P0
   8          
   9          void LCD_Delay() {
  10   1          unsigned char i = 200;
  11   1          while(i--);
  12   1      }
  13          
  14          void LCD_WriteCmd(unsigned char cmd) {
  15   1          RS = 0;
  16   1          RW = 0;
  17   1          DataPort = cmd;
  18   1          E = 1;
  19   1          LCD_Delay();
  20   1          E = 0;
  21   1          LCD_Delay();
  22   1      }
  23          
  24          void LCD_WriteData(unsigned char dat) {
  25   1          RS = 1;
  26   1          RW = 0;
  27   1          DataPort = dat;
  28   1          E = 1;
  29   1          LCD_Delay();
  30   1          E = 0;
  31   1          LCD_Delay();
  32   1      }
  33          
  34          void LCD_Init() {
  35   1          LCD_WriteCmd(0x38);
  36   1          LCD_WriteCmd(0x0C);
  37   1          LCD_WriteCmd(0x06);
  38   1          LCD_WriteCmd(0x01);
  39   1      }
  40          
  41          void LCD_ShowString(unsigned char row, unsigned char col, char *str) {
  42   1          unsigned char addr = (row == 0) ? 0x80 + col : 0xC0 + col;
  43   1          LCD_WriteCmd(addr);
  44   1          while(*str) {
  45   2              LCD_WriteData(*str++);
  46   2          }
  47   1      }
  48          
  49          void LCD_ShowNum(unsigned char row, unsigned char col, unsigned char num, unsigned char len) {
  50   1          unsigned char i;
  51   1          for(i=0;i<len;i++) {
  52   2              LCD_WriteCmd((row==0?0x80:0xC0)+col+len-1-i);
  53   2              LCD_WriteData(num%10+'0');
  54   2              num /= 10;
C51 COMPILER V9.60.7.0   LCD1602                                                           07/08/2025 19:45:58 PAGE 2   

  55   2          }
  56   1      } 


MODULE INFORMATION:   STATIC OVERLAYABLE
   CODE SIZE        =    161    ----
   CONSTANT SIZE    =   ----    ----
   XDATA SIZE       =   ----    ----
   PDATA SIZE       =   ----    ----
   DATA SIZE        =   ----       7
   IDATA SIZE       =   ----    ----
   BIT SIZE         =   ----    ----
END OF MODULE INFORMATION.


C51 COMPILATION COMPLETE.  0 WARNING(S),  0 ERROR(S)
